<?xml version="1.0" encoding="UTF-8"?>
<testsuite xmlns:xsi="http://www.w3.org/2001/XMLSchema-instance" xsi:noNamespaceSchemaLocation="https://maven.apache.org/surefire/maven-surefire-plugin/xsd/surefire-test-report-3.0.xsd" version="3.0" name="com.musinsa.MusinsaExamApplicationTests" time="2.312" tests="1" errors="0" skipped="0" failures="0">
  <properties>
    <property name="java.specification.version" value="17"/>
    <property name="sun.jnu.encoding" value="UTF-8"/>
    <property name="java.class.path" value="/Users/hsjacob.yoon/eclipse/workspace/musinsa-exam/target/test-classes:/Users/hsjacob.yoon/eclipse/workspace/musinsa-exam/target/classes:/Users/hsjacob.yoon/apache-maven-3.9.1/repo/org/springframework/boot/spring-boot-starter-data-jpa/3.1.0/spring-boot-starter-data-jpa-3.1.0.jar:/Users/hsjacob.yoon/apache-maven-3.9.1/repo/org/springframework/boot/spring-boot-starter-aop/3.1.0/spring-boot-starter-aop-3.1.0.jar:/Users/hsjacob.yoon/apache-maven-3.9.1/repo/org/springframework/spring-aop/6.0.9/spring-aop-6.0.9.jar:/Users/hsjacob.yoon/apache-maven-3.9.1/repo/org/aspectj/aspectjweaver/1.9.19/aspectjweaver-1.9.19.jar:/Users/hsjacob.yoon/apache-maven-3.9.1/repo/org/springframework/boot/spring-boot-starter-jdbc/3.1.0/spring-boot-starter-jdbc-3.1.0.jar:/Users/hsjacob.yoon/apache-maven-3.9.1/repo/com/zaxxer/HikariCP/5.0.1/HikariCP-5.0.1.jar:/Users/hsjacob.yoon/apache-maven-3.9.1/repo/org/springframework/spring-jdbc/6.0.9/spring-jdbc-6.0.9.jar:/Users/hsjacob.yoon/apache-maven-3.9.1/repo/org/hibernate/orm/hibernate-core/6.2.2.Final/hibernate-core-6.2.2.Final.jar:/Users/hsjacob.yoon/apache-maven-3.9.1/repo/jakarta/persistence/jakarta.persistence-api/3.1.0/jakarta.persistence-api-3.1.0.jar:/Users/hsjacob.yoon/apache-maven-3.9.1/repo/jakarta/transaction/jakarta.transaction-api/2.0.1/jakarta.transaction-api-2.0.1.jar:/Users/hsjacob.yoon/apache-maven-3.9.1/repo/org/jboss/logging/jboss-logging/3.5.0.Final/jboss-logging-3.5.0.Final.jar:/Users/hsjacob.yoon/apache-maven-3.9.1/repo/org/hibernate/common/hibernate-commons-annotations/6.0.6.Final/hibernate-commons-annotations-6.0.6.Final.jar:/Users/hsjacob.yoon/apache-maven-3.9.1/repo/io/smallrye/jandex/3.0.5/jandex-3.0.5.jar:/Users/hsjacob.yoon/apache-maven-3.9.1/repo/com/fasterxml/classmate/1.5.1/classmate-1.5.1.jar:/Users/hsjacob.yoon/apache-maven-3.9.1/repo/net/bytebuddy/byte-buddy/1.14.4/byte-buddy-1.14.4.jar:/Users/hsjacob.yoon/apache-maven-3.9.1/repo/org/glassfish/jaxb/jaxb-runtime/4.0.2/jaxb-runtime-4.0.2.jar:/Users/hsjacob.yoon/apache-maven-3.9.1/repo/org/glassfish/jaxb/jaxb-core/4.0.2/jaxb-core-4.0.2.jar:/Users/hsjacob.yoon/apache-maven-3.9.1/repo/org/eclipse/angus/angus-activation/2.0.0/angus-activation-2.0.0.jar:/Users/hsjacob.yoon/apache-maven-3.9.1/repo/org/glassfish/jaxb/txw2/4.0.2/txw2-4.0.2.jar:/Users/hsjacob.yoon/apache-maven-3.9.1/repo/com/sun/istack/istack-commons-runtime/4.1.1/istack-commons-runtime-4.1.1.jar:/Users/hsjacob.yoon/apache-maven-3.9.1/repo/jakarta/inject/jakarta.inject-api/2.0.1/jakarta.inject-api-2.0.1.jar:/Users/hsjacob.yoon/apache-maven-3.9.1/repo/org/antlr/antlr4-runtime/4.10.1/antlr4-runtime-4.10.1.jar:/Users/hsjacob.yoon/apache-maven-3.9.1/repo/org/springframework/data/spring-data-jpa/3.1.0/spring-data-jpa-3.1.0.jar:/Users/hsjacob.yoon/apache-maven-3.9.1/repo/org/springframework/data/spring-data-commons/3.1.0/spring-data-commons-3.1.0.jar:/Users/hsjacob.yoon/apache-maven-3.9.1/repo/org/springframework/spring-orm/6.0.9/spring-orm-6.0.9.jar:/Users/hsjacob.yoon/apache-maven-3.9.1/repo/org/springframework/spring-context/6.0.9/spring-context-6.0.9.jar:/Users/hsjacob.yoon/apache-maven-3.9.1/repo/org/springframework/spring-tx/6.0.9/spring-tx-6.0.9.jar:/Users/hsjacob.yoon/apache-maven-3.9.1/repo/org/springframework/spring-beans/6.0.9/spring-beans-6.0.9.jar:/Users/hsjacob.yoon/apache-maven-3.9.1/repo/jakarta/annotation/jakarta.annotation-api/2.1.1/jakarta.annotation-api-2.1.1.jar:/Users/hsjacob.yoon/apache-maven-3.9.1/repo/org/slf4j/slf4j-api/2.0.7/slf4j-api-2.0.7.jar:/Users/hsjacob.yoon/apache-maven-3.9.1/repo/org/springframework/spring-aspects/6.0.9/spring-aspects-6.0.9.jar:/Users/hsjacob.yoon/apache-maven-3.9.1/repo/org/springframework/boot/spring-boot-starter-web/3.1.0/spring-boot-starter-web-3.1.0.jar:/Users/hsjacob.yoon/apache-maven-3.9.1/repo/org/springframework/boot/spring-boot-starter/3.1.0/spring-boot-starter-3.1.0.jar:/Users/hsjacob.yoon/apache-maven-3.9.1/repo/org/springframework/boot/spring-boot/3.1.0/spring-boot-3.1.0.jar:/Users/hsjacob.yoon/apache-maven-3.9.1/repo/org/springframework/boot/spring-boot-autoconfigure/3.1.0/spring-boot-autoconfigure-3.1.0.jar:/Users/hsjacob.yoon/apache-maven-3.9.1/repo/org/springframework/boot/spring-boot-starter-logging/3.1.0/spring-boot-starter-logging-3.1.0.jar:/Users/hsjacob.yoon/apache-maven-3.9.1/repo/ch/qos/logback/logback-classic/1.4.7/logback-classic-1.4.7.jar:/Users/hsjacob.yoon/apache-maven-3.9.1/repo/ch/qos/logback/logback-core/1.4.7/logback-core-1.4.7.jar:/Users/hsjacob.yoon/apache-maven-3.9.1/repo/org/apache/logging/log4j/log4j-to-slf4j/2.20.0/log4j-to-slf4j-2.20.0.jar:/Users/hsjacob.yoon/apache-maven-3.9.1/repo/org/apache/logging/log4j/log4j-api/2.20.0/log4j-api-2.20.0.jar:/Users/hsjacob.yoon/apache-maven-3.9.1/repo/org/slf4j/jul-to-slf4j/2.0.7/jul-to-slf4j-2.0.7.jar:/Users/hsjacob.yoon/apache-maven-3.9.1/repo/org/yaml/snakeyaml/1.33/snakeyaml-1.33.jar:/Users/hsjacob.yoon/apache-maven-3.9.1/repo/org/springframework/boot/spring-boot-starter-json/3.1.0/spring-boot-starter-json-3.1.0.jar:/Users/hsjacob.yoon/apache-maven-3.9.1/repo/com/fasterxml/jackson/datatype/jackson-datatype-jdk8/2.15.0/jackson-datatype-jdk8-2.15.0.jar:/Users/hsjacob.yoon/apache-maven-3.9.1/repo/com/fasterxml/jackson/datatype/jackson-datatype-jsr310/2.15.0/jackson-datatype-jsr310-2.15.0.jar:/Users/hsjacob.yoon/apache-maven-3.9.1/repo/com/fasterxml/jackson/module/jackson-module-parameter-names/2.15.0/jackson-module-parameter-names-2.15.0.jar:/Users/hsjacob.yoon/apache-maven-3.9.1/repo/org/springframework/boot/spring-boot-starter-tomcat/3.1.0/spring-boot-starter-tomcat-3.1.0.jar:/Users/hsjacob.yoon/apache-maven-3.9.1/repo/org/apache/tomcat/embed/tomcat-embed-core/10.1.8/tomcat-embed-core-10.1.8.jar:/Users/hsjacob.yoon/apache-maven-3.9.1/repo/org/apache/tomcat/embed/tomcat-embed-el/10.1.8/tomcat-embed-el-10.1.8.jar:/Users/hsjacob.yoon/apache-maven-3.9.1/repo/org/apache/tomcat/embed/tomcat-embed-websocket/10.1.8/tomcat-embed-websocket-10.1.8.jar:/Users/hsjacob.yoon/apache-maven-3.9.1/repo/org/springframework/spring-web/6.0.9/spring-web-6.0.9.jar:/Users/hsjacob.yoon/apache-maven-3.9.1/repo/io/micrometer/micrometer-observation/1.11.0/micrometer-observation-1.11.0.jar:/Users/hsjacob.yoon/apache-maven-3.9.1/repo/io/micrometer/micrometer-commons/1.11.0/micrometer-commons-1.11.0.jar:/Users/hsjacob.yoon/apache-maven-3.9.1/repo/org/springframework/spring-webmvc/6.0.9/spring-webmvc-6.0.9.jar:/Users/hsjacob.yoon/apache-maven-3.9.1/repo/org/springframework/spring-expression/6.0.9/spring-expression-6.0.9.jar:/Users/hsjacob.yoon/apache-maven-3.9.1/repo/com/h2database/h2/2.1.214/h2-2.1.214.jar:/Users/hsjacob.yoon/apache-maven-3.9.1/repo/org/projectlombok/lombok/1.18.24/lombok-1.18.24.jar:/Users/hsjacob.yoon/apache-maven-3.9.1/repo/org/springframework/boot/spring-boot-starter-test/3.1.0/spring-boot-starter-test-3.1.0.jar:/Users/hsjacob.yoon/apache-maven-3.9.1/repo/org/springframework/boot/spring-boot-test/3.1.0/spring-boot-test-3.1.0.jar:/Users/hsjacob.yoon/apache-maven-3.9.1/repo/org/springframework/boot/spring-boot-test-autoconfigure/3.1.0/spring-boot-test-autoconfigure-3.1.0.jar:/Users/hsjacob.yoon/apache-maven-3.9.1/repo/com/jayway/jsonpath/json-path/2.8.0/json-path-2.8.0.jar:/Users/hsjacob.yoon/apache-maven-3.9.1/repo/jakarta/xml/bind/jakarta.xml.bind-api/4.0.0/jakarta.xml.bind-api-4.0.0.jar:/Users/hsjacob.yoon/apache-maven-3.9.1/repo/jakarta/activation/jakarta.activation-api/2.1.2/jakarta.activation-api-2.1.2.jar:/Users/hsjacob.yoon/apache-maven-3.9.1/repo/net/minidev/json-smart/2.4.10/json-smart-2.4.10.jar:/Users/hsjacob.yoon/apache-maven-3.9.1/repo/net/minidev/accessors-smart/2.4.9/accessors-smart-2.4.9.jar:/Users/hsjacob.yoon/apache-maven-3.9.1/repo/org/ow2/asm/asm/9.3/asm-9.3.jar:/Users/hsjacob.yoon/apache-maven-3.9.1/repo/org/assertj/assertj-core/3.24.2/assertj-core-3.24.2.jar:/Users/hsjacob.yoon/apache-maven-3.9.1/repo/org/hamcrest/hamcrest/2.2/hamcrest-2.2.jar:/Users/hsjacob.yoon/apache-maven-3.9.1/repo/org/junit/jupiter/junit-jupiter/5.9.3/junit-jupiter-5.9.3.jar:/Users/hsjacob.yoon/apache-maven-3.9.1/repo/org/junit/jupiter/junit-jupiter-api/5.9.3/junit-jupiter-api-5.9.3.jar:/Users/hsjacob.yoon/apache-maven-3.9.1/repo/org/opentest4j/opentest4j/1.2.0/opentest4j-1.2.0.jar:/Users/hsjacob.yoon/apache-maven-3.9.1/repo/org/junit/platform/junit-platform-commons/1.9.3/junit-platform-commons-1.9.3.jar:/Users/hsjacob.yoon/apache-maven-3.9.1/repo/org/apiguardian/apiguardian-api/1.1.2/apiguardian-api-1.1.2.jar:/Users/hsjacob.yoon/apache-maven-3.9.1/repo/org/junit/jupiter/junit-jupiter-params/5.9.3/junit-jupiter-params-5.9.3.jar:/Users/hsjacob.yoon/apache-maven-3.9.1/repo/org/junit/jupiter/junit-jupiter-engine/5.9.3/junit-jupiter-engine-5.9.3.jar:/Users/hsjacob.yoon/apache-maven-3.9.1/repo/org/junit/platform/junit-platform-engine/1.9.3/junit-platform-engine-1.9.3.jar:/Users/hsjacob.yoon/apache-maven-3.9.1/repo/org/mockito/mockito-core/5.3.1/mockito-core-5.3.1.jar:/Users/hsjacob.yoon/apache-maven-3.9.1/repo/net/bytebuddy/byte-buddy-agent/1.14.4/byte-buddy-agent-1.14.4.jar:/Users/hsjacob.yoon/apache-maven-3.9.1/repo/org/objenesis/objenesis/3.3/objenesis-3.3.jar:/Users/hsjacob.yoon/apache-maven-3.9.1/repo/org/mockito/mockito-junit-jupiter/5.3.1/mockito-junit-jupiter-5.3.1.jar:/Users/hsjacob.yoon/apache-maven-3.9.1/repo/org/skyscreamer/jsonassert/1.5.1/jsonassert-1.5.1.jar:/Users/hsjacob.yoon/apache-maven-3.9.1/repo/com/vaadin/external/google/android-json/0.0.20131108.vaadin1/android-json-0.0.20131108.vaadin1.jar:/Users/hsjacob.yoon/apache-maven-3.9.1/repo/org/springframework/spring-core/6.0.9/spring-core-6.0.9.jar:/Users/hsjacob.yoon/apache-maven-3.9.1/repo/org/springframework/spring-jcl/6.0.9/spring-jcl-6.0.9.jar:/Users/hsjacob.yoon/apache-maven-3.9.1/repo/org/springframework/spring-test/6.0.9/spring-test-6.0.9.jar:/Users/hsjacob.yoon/apache-maven-3.9.1/repo/org/xmlunit/xmlunit-core/2.9.1/xmlunit-core-2.9.1.jar:/Users/hsjacob.yoon/apache-maven-3.9.1/repo/org/apache/commons/commons-csv/1.9.0/commons-csv-1.9.0.jar:/Users/hsjacob.yoon/apache-maven-3.9.1/repo/com/fasterxml/jackson/core/jackson-databind/2.15.2/jackson-databind-2.15.2.jar:/Users/hsjacob.yoon/apache-maven-3.9.1/repo/com/fasterxml/jackson/core/jackson-annotations/2.15.0/jackson-annotations-2.15.0.jar:/Users/hsjacob.yoon/apache-maven-3.9.1/repo/com/fasterxml/jackson/core/jackson-core/2.15.0/jackson-core-2.15.0.jar:"/>
    <property name="java.vm.vendor" value="Oracle Corporation"/>
    <property name="sun.arch.data.model" value="64"/>
    <property name="java.vendor.url" value="https://java.oracle.com/"/>
    <property name="user.timezone" value="Asia/Seoul"/>
    <property name="org.jboss.logging.provider" value="slf4j"/>
    <property name="os.name" value="Mac OS X"/>
    <property name="java.vm.specification.version" value="17"/>
    <property name="sun.java.launcher" value="SUN_STANDARD"/>
    <property name="user.country" value="KR"/>
    <property name="sun.boot.library.path" value="/Library/Java/JavaVirtualMachines/jdk-17.jdk/Contents/Home/lib"/>
    <property name="sun.java.command" value="/Users/hsjacob.yoon/eclipse/workspace/musinsa-exam/target/surefire/surefirebooter-20250102131636579_3.jar /Users/hsjacob.yoon/eclipse/workspace/musinsa-exam/target/surefire 2025-01-02T13-16-36_528-jvmRun1 surefire-20250102131636579_1tmp surefire_0-20250102131636579_2tmp"/>
    <property name="http.nonProxyHosts" value="local|*.local|169.254/16|*.169.254/16|lx.astxsvc.com|*.lx.astxsvc.com"/>
    <property name="jdk.debug" value="release"/>
    <property name="surefire.test.class.path" value="/Users/hsjacob.yoon/eclipse/workspace/musinsa-exam/target/test-classes:/Users/hsjacob.yoon/eclipse/workspace/musinsa-exam/target/classes:/Users/hsjacob.yoon/apache-maven-3.9.1/repo/org/springframework/boot/spring-boot-starter-data-jpa/3.1.0/spring-boot-starter-data-jpa-3.1.0.jar:/Users/hsjacob.yoon/apache-maven-3.9.1/repo/org/springframework/boot/spring-boot-starter-aop/3.1.0/spring-boot-starter-aop-3.1.0.jar:/Users/hsjacob.yoon/apache-maven-3.9.1/repo/org/springframework/spring-aop/6.0.9/spring-aop-6.0.9.jar:/Users/hsjacob.yoon/apache-maven-3.9.1/repo/org/aspectj/aspectjweaver/1.9.19/aspectjweaver-1.9.19.jar:/Users/hsjacob.yoon/apache-maven-3.9.1/repo/org/springframework/boot/spring-boot-starter-jdbc/3.1.0/spring-boot-starter-jdbc-3.1.0.jar:/Users/hsjacob.yoon/apache-maven-3.9.1/repo/com/zaxxer/HikariCP/5.0.1/HikariCP-5.0.1.jar:/Users/hsjacob.yoon/apache-maven-3.9.1/repo/org/springframework/spring-jdbc/6.0.9/spring-jdbc-6.0.9.jar:/Users/hsjacob.yoon/apache-maven-3.9.1/repo/org/hibernate/orm/hibernate-core/6.2.2.Final/hibernate-core-6.2.2.Final.jar:/Users/hsjacob.yoon/apache-maven-3.9.1/repo/jakarta/persistence/jakarta.persistence-api/3.1.0/jakarta.persistence-api-3.1.0.jar:/Users/hsjacob.yoon/apache-maven-3.9.1/repo/jakarta/transaction/jakarta.transaction-api/2.0.1/jakarta.transaction-api-2.0.1.jar:/Users/hsjacob.yoon/apache-maven-3.9.1/repo/org/jboss/logging/jboss-logging/3.5.0.Final/jboss-logging-3.5.0.Final.jar:/Users/hsjacob.yoon/apache-maven-3.9.1/repo/org/hibernate/common/hibernate-commons-annotations/6.0.6.Final/hibernate-commons-annotations-6.0.6.Final.jar:/Users/hsjacob.yoon/apache-maven-3.9.1/repo/io/smallrye/jandex/3.0.5/jandex-3.0.5.jar:/Users/hsjacob.yoon/apache-maven-3.9.1/repo/com/fasterxml/classmate/1.5.1/classmate-1.5.1.jar:/Users/hsjacob.yoon/apache-maven-3.9.1/repo/net/bytebuddy/byte-buddy/1.14.4/byte-buddy-1.14.4.jar:/Users/hsjacob.yoon/apache-maven-3.9.1/repo/org/glassfish/jaxb/jaxb-runtime/4.0.2/jaxb-runtime-4.0.2.jar:/Users/hsjacob.yoon/apache-maven-3.9.1/repo/org/glassfish/jaxb/jaxb-core/4.0.2/jaxb-core-4.0.2.jar:/Users/hsjacob.yoon/apache-maven-3.9.1/repo/org/eclipse/angus/angus-activation/2.0.0/angus-activation-2.0.0.jar:/Users/hsjacob.yoon/apache-maven-3.9.1/repo/org/glassfish/jaxb/txw2/4.0.2/txw2-4.0.2.jar:/Users/hsjacob.yoon/apache-maven-3.9.1/repo/com/sun/istack/istack-commons-runtime/4.1.1/istack-commons-runtime-4.1.1.jar:/Users/hsjacob.yoon/apache-maven-3.9.1/repo/jakarta/inject/jakarta.inject-api/2.0.1/jakarta.inject-api-2.0.1.jar:/Users/hsjacob.yoon/apache-maven-3.9.1/repo/org/antlr/antlr4-runtime/4.10.1/antlr4-runtime-4.10.1.jar:/Users/hsjacob.yoon/apache-maven-3.9.1/repo/org/springframework/data/spring-data-jpa/3.1.0/spring-data-jpa-3.1.0.jar:/Users/hsjacob.yoon/apache-maven-3.9.1/repo/org/springframework/data/spring-data-commons/3.1.0/spring-data-commons-3.1.0.jar:/Users/hsjacob.yoon/apache-maven-3.9.1/repo/org/springframework/spring-orm/6.0.9/spring-orm-6.0.9.jar:/Users/hsjacob.yoon/apache-maven-3.9.1/repo/org/springframework/spring-context/6.0.9/spring-context-6.0.9.jar:/Users/hsjacob.yoon/apache-maven-3.9.1/repo/org/springframework/spring-tx/6.0.9/spring-tx-6.0.9.jar:/Users/hsjacob.yoon/apache-maven-3.9.1/repo/org/springframework/spring-beans/6.0.9/spring-beans-6.0.9.jar:/Users/hsjacob.yoon/apache-maven-3.9.1/repo/jakarta/annotation/jakarta.annotation-api/2.1.1/jakarta.annotation-api-2.1.1.jar:/Users/hsjacob.yoon/apache-maven-3.9.1/repo/org/slf4j/slf4j-api/2.0.7/slf4j-api-2.0.7.jar:/Users/hsjacob.yoon/apache-maven-3.9.1/repo/org/springframework/spring-aspects/6.0.9/spring-aspects-6.0.9.jar:/Users/hsjacob.yoon/apache-maven-3.9.1/repo/org/springframework/boot/spring-boot-starter-web/3.1.0/spring-boot-starter-web-3.1.0.jar:/Users/hsjacob.yoon/apache-maven-3.9.1/repo/org/springframework/boot/spring-boot-starter/3.1.0/spring-boot-starter-3.1.0.jar:/Users/hsjacob.yoon/apache-maven-3.9.1/repo/org/springframework/boot/spring-boot/3.1.0/spring-boot-3.1.0.jar:/Users/hsjacob.yoon/apache-maven-3.9.1/repo/org/springframework/boot/spring-boot-autoconfigure/3.1.0/spring-boot-autoconfigure-3.1.0.jar:/Users/hsjacob.yoon/apache-maven-3.9.1/repo/org/springframework/boot/spring-boot-starter-logging/3.1.0/spring-boot-starter-logging-3.1.0.jar:/Users/hsjacob.yoon/apache-maven-3.9.1/repo/ch/qos/logback/logback-classic/1.4.7/logback-classic-1.4.7.jar:/Users/hsjacob.yoon/apache-maven-3.9.1/repo/ch/qos/logback/logback-core/1.4.7/logback-core-1.4.7.jar:/Users/hsjacob.yoon/apache-maven-3.9.1/repo/org/apache/logging/log4j/log4j-to-slf4j/2.20.0/log4j-to-slf4j-2.20.0.jar:/Users/hsjacob.yoon/apache-maven-3.9.1/repo/org/apache/logging/log4j/log4j-api/2.20.0/log4j-api-2.20.0.jar:/Users/hsjacob.yoon/apache-maven-3.9.1/repo/org/slf4j/jul-to-slf4j/2.0.7/jul-to-slf4j-2.0.7.jar:/Users/hsjacob.yoon/apache-maven-3.9.1/repo/org/yaml/snakeyaml/1.33/snakeyaml-1.33.jar:/Users/hsjacob.yoon/apache-maven-3.9.1/repo/org/springframework/boot/spring-boot-starter-json/3.1.0/spring-boot-starter-json-3.1.0.jar:/Users/hsjacob.yoon/apache-maven-3.9.1/repo/com/fasterxml/jackson/datatype/jackson-datatype-jdk8/2.15.0/jackson-datatype-jdk8-2.15.0.jar:/Users/hsjacob.yoon/apache-maven-3.9.1/repo/com/fasterxml/jackson/datatype/jackson-datatype-jsr310/2.15.0/jackson-datatype-jsr310-2.15.0.jar:/Users/hsjacob.yoon/apache-maven-3.9.1/repo/com/fasterxml/jackson/module/jackson-module-parameter-names/2.15.0/jackson-module-parameter-names-2.15.0.jar:/Users/hsjacob.yoon/apache-maven-3.9.1/repo/org/springframework/boot/spring-boot-starter-tomcat/3.1.0/spring-boot-starter-tomcat-3.1.0.jar:/Users/hsjacob.yoon/apache-maven-3.9.1/repo/org/apache/tomcat/embed/tomcat-embed-core/10.1.8/tomcat-embed-core-10.1.8.jar:/Users/hsjacob.yoon/apache-maven-3.9.1/repo/org/apache/tomcat/embed/tomcat-embed-el/10.1.8/tomcat-embed-el-10.1.8.jar:/Users/hsjacob.yoon/apache-maven-3.9.1/repo/org/apache/tomcat/embed/tomcat-embed-websocket/10.1.8/tomcat-embed-websocket-10.1.8.jar:/Users/hsjacob.yoon/apache-maven-3.9.1/repo/org/springframework/spring-web/6.0.9/spring-web-6.0.9.jar:/Users/hsjacob.yoon/apache-maven-3.9.1/repo/io/micrometer/micrometer-observation/1.11.0/micrometer-observation-1.11.0.jar:/Users/hsjacob.yoon/apache-maven-3.9.1/repo/io/micrometer/micrometer-commons/1.11.0/micrometer-commons-1.11.0.jar:/Users/hsjacob.yoon/apache-maven-3.9.1/repo/org/springframework/spring-webmvc/6.0.9/spring-webmvc-6.0.9.jar:/Users/hsjacob.yoon/apache-maven-3.9.1/repo/org/springframework/spring-expression/6.0.9/spring-expression-6.0.9.jar:/Users/hsjacob.yoon/apache-maven-3.9.1/repo/com/h2database/h2/2.1.214/h2-2.1.214.jar:/Users/hsjacob.yoon/apache-maven-3.9.1/repo/org/projectlombok/lombok/1.18.24/lombok-1.18.24.jar:/Users/hsjacob.yoon/apache-maven-3.9.1/repo/org/springframework/boot/spring-boot-starter-test/3.1.0/spring-boot-starter-test-3.1.0.jar:/Users/hsjacob.yoon/apache-maven-3.9.1/repo/org/springframework/boot/spring-boot-test/3.1.0/spring-boot-test-3.1.0.jar:/Users/hsjacob.yoon/apache-maven-3.9.1/repo/org/springframework/boot/spring-boot-test-autoconfigure/3.1.0/spring-boot-test-autoconfigure-3.1.0.jar:/Users/hsjacob.yoon/apache-maven-3.9.1/repo/com/jayway/jsonpath/json-path/2.8.0/json-path-2.8.0.jar:/Users/hsjacob.yoon/apache-maven-3.9.1/repo/jakarta/xml/bind/jakarta.xml.bind-api/4.0.0/jakarta.xml.bind-api-4.0.0.jar:/Users/hsjacob.yoon/apache-maven-3.9.1/repo/jakarta/activation/jakarta.activation-api/2.1.2/jakarta.activation-api-2.1.2.jar:/Users/hsjacob.yoon/apache-maven-3.9.1/repo/net/minidev/json-smart/2.4.10/json-smart-2.4.10.jar:/Users/hsjacob.yoon/apache-maven-3.9.1/repo/net/minidev/accessors-smart/2.4.9/accessors-smart-2.4.9.jar:/Users/hsjacob.yoon/apache-maven-3.9.1/repo/org/ow2/asm/asm/9.3/asm-9.3.jar:/Users/hsjacob.yoon/apache-maven-3.9.1/repo/org/assertj/assertj-core/3.24.2/assertj-core-3.24.2.jar:/Users/hsjacob.yoon/apache-maven-3.9.1/repo/org/hamcrest/hamcrest/2.2/hamcrest-2.2.jar:/Users/hsjacob.yoon/apache-maven-3.9.1/repo/org/junit/jupiter/junit-jupiter/5.9.3/junit-jupiter-5.9.3.jar:/Users/hsjacob.yoon/apache-maven-3.9.1/repo/org/junit/jupiter/junit-jupiter-api/5.9.3/junit-jupiter-api-5.9.3.jar:/Users/hsjacob.yoon/apache-maven-3.9.1/repo/org/opentest4j/opentest4j/1.2.0/opentest4j-1.2.0.jar:/Users/hsjacob.yoon/apache-maven-3.9.1/repo/org/junit/platform/junit-platform-commons/1.9.3/junit-platform-commons-1.9.3.jar:/Users/hsjacob.yoon/apache-maven-3.9.1/repo/org/apiguardian/apiguardian-api/1.1.2/apiguardian-api-1.1.2.jar:/Users/hsjacob.yoon/apache-maven-3.9.1/repo/org/junit/jupiter/junit-jupiter-params/5.9.3/junit-jupiter-params-5.9.3.jar:/Users/hsjacob.yoon/apache-maven-3.9.1/repo/org/junit/jupiter/junit-jupiter-engine/5.9.3/junit-jupiter-engine-5.9.3.jar:/Users/hsjacob.yoon/apache-maven-3.9.1/repo/org/junit/platform/junit-platform-engine/1.9.3/junit-platform-engine-1.9.3.jar:/Users/hsjacob.yoon/apache-maven-3.9.1/repo/org/mockito/mockito-core/5.3.1/mockito-core-5.3.1.jar:/Users/hsjacob.yoon/apache-maven-3.9.1/repo/net/bytebuddy/byte-buddy-agent/1.14.4/byte-buddy-agent-1.14.4.jar:/Users/hsjacob.yoon/apache-maven-3.9.1/repo/org/objenesis/objenesis/3.3/objenesis-3.3.jar:/Users/hsjacob.yoon/apache-maven-3.9.1/repo/org/mockito/mockito-junit-jupiter/5.3.1/mockito-junit-jupiter-5.3.1.jar:/Users/hsjacob.yoon/apache-maven-3.9.1/repo/org/skyscreamer/jsonassert/1.5.1/jsonassert-1.5.1.jar:/Users/hsjacob.yoon/apache-maven-3.9.1/repo/com/vaadin/external/google/android-json/0.0.20131108.vaadin1/android-json-0.0.20131108.vaadin1.jar:/Users/hsjacob.yoon/apache-maven-3.9.1/repo/org/springframework/spring-core/6.0.9/spring-core-6.0.9.jar:/Users/hsjacob.yoon/apache-maven-3.9.1/repo/org/springframework/spring-jcl/6.0.9/spring-jcl-6.0.9.jar:/Users/hsjacob.yoon/apache-maven-3.9.1/repo/org/springframework/spring-test/6.0.9/spring-test-6.0.9.jar:/Users/hsjacob.yoon/apache-maven-3.9.1/repo/org/xmlunit/xmlunit-core/2.9.1/xmlunit-core-2.9.1.jar:/Users/hsjacob.yoon/apache-maven-3.9.1/repo/org/apache/commons/commons-csv/1.9.0/commons-csv-1.9.0.jar:/Users/hsjacob.yoon/apache-maven-3.9.1/repo/com/fasterxml/jackson/core/jackson-databind/2.15.2/jackson-databind-2.15.2.jar:/Users/hsjacob.yoon/apache-maven-3.9.1/repo/com/fasterxml/jackson/core/jackson-annotations/2.15.0/jackson-annotations-2.15.0.jar:/Users/hsjacob.yoon/apache-maven-3.9.1/repo/com/fasterxml/jackson/core/jackson-core/2.15.0/jackson-core-2.15.0.jar:"/>
    <property name="sun.cpu.endian" value="little"/>
    <property name="user.home" value="/Users/hsjacob.yoon"/>
    <property name="user.language" value="ko"/>
    <property name="java.specification.vendor" value="Oracle Corporation"/>
    <property name="java.version.date" value="2023-01-17"/>
    <property name="java.home" value="/Library/Java/JavaVirtualMachines/jdk-17.jdk/Contents/Home"/>
    <property name="file.separator" value="/"/>
    <property name="basedir" value="/Users/hsjacob.yoon/eclipse/workspace/musinsa-exam"/>
    <property name="java.vm.compressedOopsMode" value="Zero based"/>
    <property name="line.separator" value="&#10;"/>
    <property name="java.vm.specification.vendor" value="Oracle Corporation"/>
    <property name="java.specification.name" value="Java Platform API Specification"/>
    <property name="FILE_LOG_CHARSET" value="UTF-8"/>
    <property name="java.awt.headless" value="true"/>
    <property name="surefire.real.class.path" value="/Users/hsjacob.yoon/eclipse/workspace/musinsa-exam/target/surefire/surefirebooter-20250102131636579_3.jar"/>
    <property name="sun.management.compiler" value="HotSpot 64-Bit Tiered Compilers"/>
    <property name="ftp.nonProxyHosts" value="local|*.local|169.254/16|*.169.254/16|lx.astxsvc.com|*.lx.astxsvc.com"/>
    <property name="java.runtime.version" value="17.0.6+9-LTS-190"/>
    <property name="user.name" value="hsjacob.yoon"/>
    <property name="path.separator" value=":"/>
    <property name="os.version" value="15.1.1"/>
    <property name="java.runtime.name" value="Java(TM) SE Runtime Environment"/>
    <property name="file.encoding" value="UTF-8"/>
    <property name="java.vm.name" value="Java HotSpot(TM) 64-Bit Server VM"/>
    <property name="localRepository" value="/Users/hsjacob.yoon/apache-maven-3.9.1/repo"/>
    <property name="java.vendor.url.bug" value="https://bugreport.java.com/bugreport/"/>
    <property name="java.io.tmpdir" value="/var/folders/h2/h401sd9s3pjck39fjjbcnsdh0000gn/T/"/>
    <property name="com.zaxxer.hikari.pool_number" value="1"/>
    <property name="java.version" value="17.0.6"/>
    <property name="user.dir" value="/Users/hsjacob.yoon/eclipse/workspace/musinsa-exam"/>
    <property name="os.arch" value="aarch64"/>
    <property name="java.vm.specification.name" value="Java Virtual Machine Specification"/>
    <property name="PID" value="70825"/>
    <property name="CONSOLE_LOG_CHARSET" value="UTF-8"/>
    <property name="native.encoding" value="UTF-8"/>
    <property name="java.library.path" value="/Users/hsjacob.yoon/Library/Java/Extensions:/Library/Java/Extensions:/Network/Library/Java/Extensions:/System/Library/Java/Extensions:/usr/lib/java:."/>
    <property name="java.vm.info" value="mixed mode, sharing"/>
    <property name="java.vendor" value="Oracle Corporation"/>
    <property name="java.vm.version" value="17.0.6+9-LTS-190"/>
    <property name="sun.io.unicode.encoding" value="UnicodeBig"/>
    <property name="socksNonProxyHosts" value="local|*.local|169.254/16|*.169.254/16|lx.astxsvc.com|*.lx.astxsvc.com"/>
    <property name="java.class.version" value="61.0"/>
  </properties>
  <testcase name="contextLoads" classname="com.musinsa.MusinsaExamApplicationTests" time="0.25">
    <system-out><![CDATA[13:16:37.042 [main] INFO org.springframework.test.context.support.AnnotationConfigContextLoaderUtils -- Could not detect default configuration classes for test class [com.musinsa.MusinsaExamApplicationTests]: MusinsaExamApplicationTests does not declare any static, non-private, non-final, nested classes annotated with @Configuration.
13:16:37.095 [main] INFO org.springframework.boot.test.context.SpringBootTestContextBootstrapper -- Found @SpringBootConfiguration com.musinsa.MusinsaExamApplication for test class com.musinsa.MusinsaExamApplicationTests

  .   ____          _            __ _ _
 /\\ / ___'_ __ _ _(_)_ __  __ _ \ \ \ \
( ( )\___ | '_ | '_| | '_ \/ _` | \ \ \ \
 \\/  ___)| |_)| | | | | || (_| |  ) ) ) )
  '  |____| .__|_| |_|_| |_\__, | / / / /
 =========|_|==============|___/=/_/_/_/
 :: Spring Boot ::                (v3.1.0)

2025-01-02T13:16:37.290+09:00  INFO 70825 --- [           main] c.musinsa.MusinsaExamApplicationTests    : Starting MusinsaExamApplicationTests using Java 17.0.6 with PID 70825 (started by hsjacob.yoon in /Users/hsjacob.yoon/eclipse/workspace/musinsa-exam)
2025-01-02T13:16:37.291+09:00  INFO 70825 --- [           main] c.musinsa.MusinsaExamApplicationTests    : No active profile set, falling back to 1 default profile: "default"
2025-01-02T13:16:37.585+09:00  INFO 70825 --- [           main] .s.d.r.c.RepositoryConfigurationDelegate : Bootstrapping Spring Data JPA repositories in DEFAULT mode.
2025-01-02T13:16:37.610+09:00  INFO 70825 --- [           main] .s.d.r.c.RepositoryConfigurationDelegate : Finished Spring Data repository scanning in 21 ms. Found 1 JPA repository interfaces.
2025-01-02T13:16:37.830+09:00  INFO 70825 --- [           main] o.hibernate.jpa.internal.util.LogHelper  : HHH000204: Processing PersistenceUnitInfo [name: default]
2025-01-02T13:16:37.856+09:00  INFO 70825 --- [           main] org.hibernate.Version                    : HHH000412: Hibernate ORM core version 6.2.2.Final
2025-01-02T13:16:37.857+09:00  INFO 70825 --- [           main] org.hibernate.cfg.Environment            : HHH000406: Using bytecode reflection optimizer
2025-01-02T13:16:37.932+09:00  INFO 70825 --- [           main] o.h.b.i.BytecodeProviderInitiator        : HHH000021: Bytecode provider name : bytebuddy
2025-01-02T13:16:38.008+09:00  INFO 70825 --- [           main] o.s.o.j.p.SpringPersistenceUnitInfo      : No LoadTimeWeaver setup: ignoring JPA class transformer
2025-01-02T13:16:38.016+09:00  INFO 70825 --- [           main] com.zaxxer.hikari.HikariDataSource       : HikariPool-1 - Starting...
2025-01-02T13:16:38.075+09:00  INFO 70825 --- [           main] com.zaxxer.hikari.pool.HikariPool        : HikariPool-1 - Added connection conn0: url=jdbc:h2:tcp://localhost/~/test user=SA
2025-01-02T13:16:38.076+09:00  INFO 70825 --- [           main] com.zaxxer.hikari.HikariDataSource       : HikariPool-1 - Start completed.
2025-01-02T13:16:38.090+09:00  INFO 70825 --- [           main] org.hibernate.orm.dialect                : HHH035001: Using dialect: org.hibernate.dialect.H2Dialect, version: 2.3.232
2025-01-02T13:16:38.183+09:00  INFO 70825 --- [           main] o.h.b.i.BytecodeProviderInitiator        : HHH000021: Bytecode provider name : bytebuddy
2025-01-02T13:16:38.496+09:00  INFO 70825 --- [           main] o.h.e.t.j.p.i.JtaPlatformInitiator       : HHH000490: Using JtaPlatform implementation: [org.hibernate.engine.transaction.jta.platform.internal.NoJtaPlatform]
2025-01-02T13:16:38.517+09:00  INFO 70825 --- [           main] j.LocalContainerEntityManagerFactoryBean : Initialized JPA EntityManagerFactory for persistence unit 'default'
2025-01-02T13:16:38.708+09:00  INFO 70825 --- [           main] o.s.d.j.r.query.QueryEnhancerFactory     : Hibernate is in classpath; If applicable, HQL parser will be used.
2025-01-02T13:16:38.974+09:00  INFO 70825 --- [           main] o.s.b.a.h2.H2ConsoleAutoConfiguration    : H2 console available at '/h2-console'. Database available at 'jdbc:h2:tcp://localhost/~/test'
2025-01-02T13:16:39.002+09:00  INFO 70825 --- [           main] c.musinsa.MusinsaExamApplicationTests    : Started MusinsaExamApplicationTests in 1.839 seconds (process running for 2.334)
]]></system-out>
  </testcase>
</testsuite>